Removed Pin From Net: NetName=ANALOG_OUT_Amp1 Pin=R9-1
Removed Pin From Net: NetName=NetR9_2 Pin=R9-2
Removed Pin From Net: NetName=ANALOG_OUT_Amp2 Pin=R18-1
Removed Pin From Net: NetName=NetR18_2 Pin=R18-2
Change Component DesignItemId : Designator=R10 Old DesignItemId=CMP-1012-00129-1 New DesignItemId=CMP-1659-00009-3
Change Component DesignItemId : Designator=R19 Old DesignItemId=CMP-1012-00129-1 New DesignItemId=CMP-1659-00009-3
Change Component DesignItemId : Designator=R9 Old DesignItemId=CMP-1659-00054-1 New DesignItemId=CMP-1659-00009-3
Change Component DesignItemId : Designator=R18 Old DesignItemId=CMP-1659-00054-1 New DesignItemId=CMP-1659-00009-3
Change Component DesignItemId : Designator=C11 Old DesignItemId=CMP-1662-00008-2 New DesignItemId=Cap Semi
Change Component DesignItemId : Designator=C12 Old DesignItemId=CMP-1662-00008-2 New DesignItemId=Cap Semi
Change Component Footprint: Designator=C11 Old Footprint=CAPC1608X90X38ML10T18 New Footprint=1608[0603]
Change Component Footprint: Designator=C12 Old Footprint=CAPC1608X90X38ML10T18 New Footprint=1608[0603]
Change Component Footprint: Designator=R10 Old Footprint=RESC0603(1608)_M New Footprint=RESC1608X55X25ML10T15
Change Component Footprint: Designator=R19 Old Footprint=RESC0603(1608)_M New Footprint=RESC1608X55X25ML10T15
Change Component Footprint: Designator=R9 Old Footprint=RESC1608X55X25LL10T15 New Footprint=RESC1608X55X25ML10T15
Change Component Footprint: Designator=R18 Old Footprint=RESC1608X55X25LL10T15 New Footprint=RESC1608X55X25ML10T15
Change Component Comment : Designator=C11 Old Comment=10u New Comment=Cap Semi
Change Component Comment : Designator=C12 Old Comment=10u New Comment=Cap Semi
Added Pin To Net: NetName=NetR9_2 Pin=R9-1
Added Pin To Net: NetName=ANALOG_OUT_Amp1 Pin=R9-2
Added Pin To Net: NetName=NetR18_2 Pin=R18-1
Added Pin To Net: NetName=ANALOG_OUT_Amp2 Pin=R18-2
Change Net Name : Old Net Name=NetR9_2 New Net Name=NetR9_1
Change Net Name : Old Net Name=NetR18_2 New Net Name=NetR18_1
