Removed Pin From Net: NetName=-5V Pin=C12-1
Removed Pin From Net: NetName=GND Pin=C14-1
Removed Pin From Net: NetName=+5V Pin=C14-2
Removed Pin From Net: NetName=GND Pin=C16-1
Removed Pin From Net: NetName=+5V Pin=C16-2
Removed Pin From Net: NetName=GND Pin=C18-1
Removed Pin From Net: NetName=-5V Pin=C18-2
Removed Pin From Net: NetName=GND Pin=C19-1
Removed Pin From Net: NetName=-5V Pin=C19-2
Removed Pin From Net: NetName=GND Pin=C21-1
Removed Pin From Net: NetName=+5V Pin=C21-2
Removed Pin From Net: NetName=GND Pin=C22-1
Removed Pin From Net: NetName=+5V Pin=C22-2
Removed Pin From Net: NetName=GND Pin=C23-1
Removed Pin From Net: NetName=-5V Pin=C23-2
Removed Pin From Net: NetName=GND Pin=C24-1
Removed Pin From Net: NetName=-5V Pin=C24-2
Removed Pin From Net: NetName=GND Pin=P1-1
Removed Pin From Net: NetName=-5V Pin=P1-2
Removed Pin From Net: NetName=-5V Pin=P2-2
Removed Pin From Net: NetName=-5V Pin=P2-3
Removed Pin From Net: NetName=-5V Pin=P4-2
Removed Pin From Net: NetName=-5V Pin=P4-3
Removed Pin From Net: NetName=+5V Pin=R7-2
Removed Pin From Net: NetName=+5V Pin=R8-2
Removed Pin From Net: NetName=+5V Pin=R11-2
Removed Pin From Net: NetName=NetR9_2 Pin=R11-3
Removed Pin From Net: NetName=+5V Pin=R12-2
Removed Pin From Net: NetName=-5V Pin=R13-3
Removed Pin From Net: NetName=+5V Pin=R16-2
Removed Pin From Net: NetName=+5V Pin=R17-2
Removed Pin From Net: NetName=+5V Pin=R20-2
Removed Pin From Net: NetName=NetR18_2 Pin=R20-3
Removed Pin From Net: NetName=+5V Pin=R21-2
Removed Pin From Net: NetName=-5V Pin=R22-3
Removed Pin From Net: NetName=ENC_SDI Pin=U2-5
Removed Pin From Net: NetName=ENC_SDO Pin=U2-6
Removed Pin From Net: NetName=ENC_SCK Pin=U2-7
Removed Pin From Net: NetName=-5V Pin=U4-4
Removed Pin From Net: NetName=+5V Pin=U4-7
Removed Pin From Net: NetName=-5V Pin=U6-4
Removed Pin From Net: NetName=+5V Pin=U6-7
Removed Member From Class: ClassName=WB Member=C11
Removed Member From Class: ClassName=WB Member=C12
Removed Member From Class: ClassName=WB Member=C14
Removed Member From Class: ClassName=WB Member=C16
Removed Member From Class: ClassName=WB Member=C18
Removed Member From Class: ClassName=WB Member=C19
Removed Member From Class: ClassName=WB Member=C21
Removed Member From Class: ClassName=WB Member=C22
Removed Member From Class: ClassName=WB Member=C23
Removed Member From Class: ClassName=WB Member=C24
Removed Member From Class: ClassName=WB Member=P1
Removed Member From Class: ClassName=WB Member=P2
Removed Member From Class: ClassName=WB Member=P4
Removed Member From Class: ClassName=WB Member=R5
Removed Member From Class: ClassName=WB Member=R6
Removed Member From Class: ClassName=WB Member=R7
Removed Member From Class: ClassName=WB Member=R8
Removed Member From Class: ClassName=WB Member=R12
Removed Member From Class: ClassName=WB Member=R13
Removed Member From Class: ClassName=WB Member=R14
Removed Member From Class: ClassName=WB Member=R15
Removed Member From Class: ClassName=WB Member=R16
Removed Member From Class: ClassName=WB Member=R17
Removed Member From Class: ClassName=WB Member=R21
Removed Member From Class: ClassName=WB Member=R22
Removed Member From Class: ClassName=WB Member=U4
Removed Member From Class: ClassName=WB Member=U6
Change Component DesignItemId : Designator=U6 Old DesignItemId=CMP-0359-03370-2 New DesignItemId=CMP-0062-02481-3
Change Component DesignItemId : Designator=C24 Old DesignItemId=CMP-1663-00002-4 New DesignItemId=Cap Semi
Change Component DesignItemId : Designator=C22 Old DesignItemId=CMP-1663-00002-4 New DesignItemId=CMP-2100-03687-1
Change Component DesignItemId : Designator=C23 Old DesignItemId=CMP-2000-05987-1 New DesignItemId=Cap Semi
Change Component DesignItemId : Designator=C21 Old DesignItemId=CMP-2000-05987-1 New DesignItemId=CMP-2100-03687-1
Change Component Footprint: Designator=C23 Old Footprint=CAPC1608X87X35ML15T15 New Footprint=1608[0603]
Change Component Footprint: Designator=C21 Old Footprint=CAPC1608X87X35ML15T15 New Footprint=AVX-TAJ-A-2_N
Change Component Footprint: Designator=C24 Old Footprint=CAPC1608X90X20NL10 New Footprint=1608[0603]
Change Component Footprint: Designator=C22 Old Footprint=CAPC1608X90X20NL10 New Footprint=AVX-TAJ-A-2_N
Change Component Footprint: Designator=U6 Old Footprint=LT-S8-8_L New Footprint=NDE0003A
Change Component Comment : Designator=C23 Old Comment=0.01uF New Comment=Cap Semi
Change Component Comment : Designator=C21 Old Comment=0.01uF New Comment=TAJA475K016RNJ
Change Component Comment : Designator=C3 Old Comment=1u New Comment=1uF
Change Component Comment : Designator=C24 Old Comment=1u New Comment=Cap Semi
Change Component Comment : Designator=C22 Old Comment=1u New Comment=TAJA475K016RNJ
Change Component Comment : Designator=U6 Old Comment=LT1920 New Comment=LM7905CT/NOPB
Added Component: Designator=5V(0603_A)
Added Component: Designator=C14_Amp1(CAPC1608X87X35ML15T15)
Added Component: Designator=C14_Amp2(CAPC1608X87X35ML15T15)
Added Component: Designator=C16_Amp1(CAPC1608X90X20NL10)
Added Component: Designator=C16_Amp2(CAPC1608X90X20NL10)
Added Component: Designator=C18_Amp1(CAPC1608X87X35ML15T15)
Added Component: Designator=C18_Amp2(CAPC1608X87X35ML15T15)
Added Component: Designator=C19_Amp1(CAPC1608X90X20NL10)
Added Component: Designator=C19_Amp2(CAPC1608X90X20NL10)
Added Component: Designator=C29(1608[0603])
Added Component: Designator=C30(1608[0603])
Added Component: Designator=C31(1608[0603])
Added Component: Designator=D1(0603_A)
Added Component: Designator=P2_Amp1(TECO-5-103414-2_V)
Added Component: Designator=P2_Amp2(TECO-5-103414-2_V)
Added Component: Designator=P5(HDR1X8)
Added Component: Designator=P6(HDR2X3)
Added Component: Designator=R5_Amp1(Trimpot_Cut_tape_3.4x3.4x2)
Added Component: Designator=R5_Amp2(Trimpot_Cut_tape_3.4x3.4x2)
Added Component: Designator=R6_Amp1(RESC0603(1608)_L)
Added Component: Designator=R6_Amp2(RESC0603(1608)_L)
Added Component: Designator=R7_Amp1(RESC1608X55X25NL10T15)
Added Component: Designator=R7_Amp2(RESC1608X55X25NL10T15)
Added Component: Designator=R8_Amp1(RESC1608X55X25NL10T15)
Added Component: Designator=R8_Amp2(RESC1608X55X25NL10T15)
Added Component: Designator=R12_Amp1(RESC1608X55X25ML10T15)
Added Component: Designator=R12_Amp2(RESC1608X55X25ML10T15)
Added Component: Designator=R13_Amp1(Trimpot_Cut_tape_3.4x3.4x2)
Added Component: Designator=R13_Amp2(Trimpot_Cut_tape_3.4x3.4x2)
Added Component: Designator=R25(J1-0603)
Added Component: Designator=R26(J1-0603)
Added Component: Designator=R27(J1-0603)
Added Component: Designator=R28_Amp1(RESC1608X55X25ML10T15)
Added Component: Designator=R28_Amp2(RESC1608X55X25ML10T15)
Added Component: Designator=U4_Amp1(LT-S8-8_L)
Added Component: Designator=U4_Amp2(LT-S8-8_L)
Added Pin To Net: NetName=GND Pin=5V-1
Added Pin To Net: NetName=+5V Pin=C14_Amp1-1
Added Pin To Net: NetName=GND Pin=C14_Amp1-2
Added Pin To Net: NetName=+5V Pin=C14_Amp2-1
Added Pin To Net: NetName=GND Pin=C14_Amp2-2
Added Pin To Net: NetName=+5V Pin=C16_Amp1-1
Added Pin To Net: NetName=GND Pin=C16_Amp1-2
Added Pin To Net: NetName=+5V Pin=C16_Amp2-1
Added Pin To Net: NetName=GND Pin=C16_Amp2-2
Added Pin To Net: NetName=GND Pin=C18_Amp1-1
Added Pin To Net: NetName=-5V Pin=C18_Amp1-2
Added Pin To Net: NetName=GND Pin=C18_Amp2-1
Added Pin To Net: NetName=-5V Pin=C18_Amp2-2
Added Pin To Net: NetName=GND Pin=C19_Amp1-1
Added Pin To Net: NetName=-5V Pin=C19_Amp1-2
Added Pin To Net: NetName=GND Pin=C19_Amp2-1
Added Pin To Net: NetName=-5V Pin=C19_Amp2-2
Added Pin To Net: NetName=GND Pin=C21-2
Added Pin To Net: NetName=-5V Pin=C22-1
Added Pin To Net: NetName=GND Pin=C22-2
Added Pin To Net: NetName=GND Pin=C23-2
Added Pin To Net: NetName=-5V Pin=C24-1
Added Pin To Net: NetName=GND Pin=C24-2
Added Pin To Net: NetName=+5V Pin=C29-1
Added Pin To Net: NetName=GND Pin=C29-2
Added Pin To Net: NetName=+5V Pin=C30-1
Added Pin To Net: NetName=GND Pin=C30-2
Added Pin To Net: NetName=+5V Pin=C31-1
Added Pin To Net: NetName=GND Pin=C31-2
Added Pin To Net: NetName=GND Pin=D1-1
Added Pin To Net: NetName=GND Pin=P1-2
Added Pin To Net: NetName=-5V Pin=P2_Amp1-2
Added Pin To Net: NetName=-5V Pin=P2_Amp1-3
Added Pin To Net: NetName=-5V Pin=P2_Amp2-2
Added Pin To Net: NetName=-5V Pin=P2_Amp2-3
Added Pin To Net: NetName=+5V Pin=P5-1
Added Pin To Net: NetName=GND Pin=P5-8
Added Pin To Net: NetName=MISO Pin=P6-1
Added Pin To Net: NetName=+5V Pin=P6-2
Added Pin To Net: NetName=SCK Pin=P6-3
Added Pin To Net: NetName=MOSI Pin=P6-4
Added Pin To Net: NetName=MCU_RST Pin=P6-5
Added Pin To Net: NetName=GND Pin=P6-6
Added Pin To Net: NetName=+5V Pin=R7_Amp1-2
Added Pin To Net: NetName=+5V Pin=R7_Amp2-2
Added Pin To Net: NetName=+5V Pin=R8_Amp1-2
Added Pin To Net: NetName=+5V Pin=R8_Amp2-2
Added Pin To Net: NetName=+5V Pin=R11-1
Added Pin To Net: NetName=NetR9_2 Pin=R11-2
Added Pin To Net: NetName=+5V Pin=R12_Amp1-2
Added Pin To Net: NetName=+5V Pin=R12_Amp2-2
Added Pin To Net: NetName=-5V Pin=R13_Amp1-2
Added Pin To Net: NetName=-5V Pin=R13_Amp2-2
Added Pin To Net: NetName=+5V Pin=R20-1
Added Pin To Net: NetName=NetR18_2 Pin=R20-2
Added Pin To Net: NetName=+5V Pin=R26-2
Added Pin To Net: NetName=-5V Pin=R28_Amp1-1
Added Pin To Net: NetName=-5V Pin=R28_Amp2-1
Added Pin To Net: NetName=+5V Pin=U1-20
Added Pin To Net: NetName=-5V Pin=U4_Amp1-4
Added Pin To Net: NetName=+5V Pin=U4_Amp1-7
Added Pin To Net: NetName=-5V Pin=U4_Amp2-4
Added Pin To Net: NetName=+5V Pin=U4_Amp2-7
Added Pin To Net: NetName=GND Pin=U6-1
Added Pin To Net: NetName=-5V Pin=U6-3
Added Pin To Net: NetName=-12V Pin=C12-1
Added Pin To Net: NetName=-12V Pin=C21-1
Added Pin To Net: NetName=-12V Pin=C23-1
Added Pin To Net: NetName=-12V Pin=P1-1
Added Pin To Net: NetName=-12V Pin=U6-2
Added Net: Name=-12V
Added Pin To Net: NetName=ADC0 Pin=P5-2
Added Pin To Net: NetName=ADC0 Pin=U1-23
Added Net: Name=ADC0
Added Pin To Net: NetName=ADC1 Pin=P5-3
Added Pin To Net: NetName=ADC1 Pin=U1-24
Added Net: Name=ADC1
Added Pin To Net: NetName=ADC2 Pin=P5-4
Added Pin To Net: NetName=ADC2 Pin=U1-25
Added Net: Name=ADC2
Added Pin To Net: NetName=ADC3 Pin=P5-5
Added Pin To Net: NetName=ADC3 Pin=U1-26
Added Net: Name=ADC3
Added Pin To Net: NetName=ADC4 Pin=P5-6
Added Pin To Net: NetName=ADC4 Pin=U1-27
Added Net: Name=ADC4
Added Pin To Net: NetName=ADC5 Pin=P5-7
Added Pin To Net: NetName=ADC5 Pin=U1-28
Added Net: Name=ADC5
Added Pin To Net: NetName=ANALOG_OUT_Amp1 Pin=R9-1
Added Pin To Net: NetName=ANALOG_OUT_Amp1 Pin=U4_Amp1-6
Added Net: Name=ANALOG_OUT_Amp1
Added Pin To Net: NetName=ANALOG_OUT_Amp2 Pin=R18-1
Added Pin To Net: NetName=ANALOG_OUT_Amp2 Pin=U4_Amp2-6
Added Net: Name=ANALOG_OUT_Amp2
Added Pin To Net: NetName=CONV Pin=R25-2
Added Pin To Net: NetName=CONV Pin=U1-14
Added Net: Name=CONV
Added Pin To Net: NetName=ENC_CONV Pin=R25-1
Added Pin To Net: NetName=ENC_CONV Pin=U2-1
Added Net: Name=ENC_CONV
Added Pin To Net: NetName=LED1 Pin=R27-2
Added Pin To Net: NetName=LED1 Pin=U1-13
Added Net: Name=LED1
Added Pin To Net: NetName=Net5V_2 Pin=5V-2
Added Pin To Net: NetName=Net5V_2 Pin=R26-1
Added Net: Name=Net5V_2
Added Pin To Net: NetName=NetD1_2 Pin=D1-2
Added Pin To Net: NetName=NetD1_2 Pin=R27-1
Added Net: Name=NetD1_2
Added Pin To Net: NetName=NetP2_Amp1_1 Pin=P2_Amp1-1
Added Pin To Net: NetName=NetP2_Amp1_1 Pin=R8_Amp1-1
Added Pin To Net: NetName=NetP2_Amp1_1 Pin=U4_Amp1-2
Added Net: Name=NetP2_Amp1_1
Added Pin To Net: NetName=NetP2_Amp1_4 Pin=P2_Amp1-4
Added Pin To Net: NetName=NetP2_Amp1_4 Pin=R7_Amp1-1
Added Pin To Net: NetName=NetP2_Amp1_4 Pin=U4_Amp1-3
Added Net: Name=NetP2_Amp1_4
Added Pin To Net: NetName=NetP2_Amp2_1 Pin=P2_Amp2-1
Added Pin To Net: NetName=NetP2_Amp2_1 Pin=R8_Amp2-1
Added Pin To Net: NetName=NetP2_Amp2_1 Pin=U4_Amp2-2
Added Net: Name=NetP2_Amp2_1
Added Pin To Net: NetName=NetP2_Amp2_4 Pin=P2_Amp2-4
Added Pin To Net: NetName=NetP2_Amp2_4 Pin=R7_Amp2-1
Added Pin To Net: NetName=NetP2_Amp2_4 Pin=U4_Amp2-3
Added Net: Name=NetP2_Amp2_4
Added Pin To Net: NetName=NetR5_Amp1_2 Pin=R5_Amp1-2
Added Pin To Net: NetName=NetR5_Amp1_2 Pin=R6_Amp1-2
Added Pin To Net: NetName=NetR5_Amp1_2 Pin=U4_Amp1-1
Added Net: Name=NetR5_Amp1_2
Added Pin To Net: NetName=NetR5_Amp1_3 Pin=R5_Amp1-3
Added Pin To Net: NetName=NetR5_Amp1_3 Pin=R6_Amp1-1
Added Pin To Net: NetName=NetR5_Amp1_3 Pin=U4_Amp1-8
Added Net: Name=NetR5_Amp1_3
Added Pin To Net: NetName=NetR5_Amp2_2 Pin=R5_Amp2-2
Added Pin To Net: NetName=NetR5_Amp2_2 Pin=R6_Amp2-2
Added Pin To Net: NetName=NetR5_Amp2_2 Pin=U4_Amp2-1
Added Net: Name=NetR5_Amp2_2
Added Pin To Net: NetName=NetR5_Amp2_3 Pin=R5_Amp2-3
Added Pin To Net: NetName=NetR5_Amp2_3 Pin=R6_Amp2-1
Added Pin To Net: NetName=NetR5_Amp2_3 Pin=U4_Amp2-8
Added Net: Name=NetR5_Amp2_3
Added Pin To Net: NetName=NetR12_Amp1_1 Pin=R12_Amp1-1
Added Pin To Net: NetName=NetR12_Amp1_1 Pin=R13_Amp1-1
Added Pin To Net: NetName=NetR12_Amp1_1 Pin=R28_Amp1-2
Added Pin To Net: NetName=NetR12_Amp1_1 Pin=U4_Amp1-5
Added Net: Name=NetR12_Amp1_1
Added Pin To Net: NetName=NetR12_Amp2_1 Pin=R12_Amp2-1
Added Pin To Net: NetName=NetR12_Amp2_1 Pin=R13_Amp2-1
Added Pin To Net: NetName=NetR12_Amp2_1 Pin=R28_Amp2-2
Added Pin To Net: NetName=NetR12_Amp2_1 Pin=U4_Amp2-5
Added Net: Name=NetR12_Amp2_1
Added Class: Name=Amp1
Added Class: Name=Amp2
Added Class: Name=WheatstonePrimaryAmplifier
Added Member To Class: ClassName=Sheet1 Member=Component 5V 150060RS75000
Added Member To Class: ClassName=Sheet1 Member=Component C11 10u
Added Member To Class: ClassName=Sheet1 Member=Component C12 10u
Added Member To Class: ClassName=Sheet1 Member=Component C21 TAJA475K016RNJ
Added Member To Class: ClassName=Sheet1 Member=Component C22 TAJA475K016RNJ
Added Member To Class: ClassName=Sheet1 Member=Component C23 Cap Semi
Added Member To Class: ClassName=Sheet1 Member=Component C24 Cap Semi
Added Member To Class: ClassName=Sheet1 Member=Component C29 Cap Semi
Added Member To Class: ClassName=Sheet1 Member=Component C30 Cap Semi
Added Member To Class: ClassName=Sheet1 Member=Component C31 Cap Semi
Added Member To Class: ClassName=Sheet1 Member=Component D1 150060RS75000
Added Member To Class: ClassName=Sheet1 Member=Component P1 3CON
Added Member To Class: ClassName=Sheet1 Member=Component P5 Header 8
Added Member To Class: ClassName=Sheet1 Member=Component P6 Header 3X2
Added Member To Class: ClassName=Sheet1 Member=Component R25 Res3
Added Member To Class: ClassName=Sheet1 Member=Component R26 Res3
Added Member To Class: ClassName=Sheet1 Member=Component R27 Res3
Added Member To Class: ClassName=Sheet1 Member=Component U6 LM7905CT/NOPB
Added Room: Name=Amp1
Added Room: Name=Amp2
Added Room: Name=F
Added Room: Name=Sheet1
Added Room: Name=WB
