Added Component: Designator=C9(CAPC1608X87X35ML15T15)
Added Component: Designator=C11(CAPC1608X90X20NL10)
Added Component: Designator=R6(RESC1608X55X25ML10T15)
Added Component: Designator=R11(RESC0603(1608)_L)
Added Component: Designator=R12(Trimpot_Cut_tape_3.4x3.4x2)
Added Component: Designator=R13(Trimpot_Cut_tape_3.4x3.4x2)
Added Component: Designator=R14(Trimpot_Cut_tape_3.4x3.4x2)
Added Component: Designator=R15(Trimpot_Cut_tape_3.4x3.4x2)
Added Component: Designator=R16(Trimpot_Cut_tape_3.4x3.4x2)
Added Component: Designator=R17(Trimpot_Cut_tape_3.4x3.4x2)
Added Component: Designator=R18(RESC1608X55X25ML10T15)
Added Pin To Net: NetName=GND Pin=C9-1
Added Pin To Net: NetName=-5V Pin=C9-2
Added Pin To Net: NetName=GND Pin=C11-1
Added Pin To Net: NetName=-5V Pin=C11-2
Added Pin To Net: NetName=NetR6_1 Pin=R6-1
Added Pin To Net: NetName=+5V Pin=R6-2
Added Pin To Net: NetName=+5V Pin=R11-1
Added Pin To Net: NetName=NetR9_2 Pin=R11-2
Added Pin To Net: NetName=NetR1_2 Pin=R12-2
Added Pin To Net: NetName=NetR1_1 Pin=R12-3
Added Pin To Net: NetName=+5V Pin=R13-2
Added Pin To Net: NetName=NetR4_2 Pin=R13-3
Added Pin To Net: NetName=NetR6_1 Pin=R14-2
Added Pin To Net: NetName=GND Pin=R14-3
Added Pin To Net: NetName=NetR10_2 Pin=R15-2
Added Pin To Net: NetName=NetR10_1 Pin=R15-3
Added Pin To Net: NetName=+5V Pin=R16-2
Added Pin To Net: NetName=NetR9_2 Pin=R16-3
Added Pin To Net: NetName=NetR17_2 Pin=R17-2
Added Pin To Net: NetName=GND Pin=R17-3
Added Pin To Net: NetName=NetR17_2 Pin=R18-1
Added Pin To Net: NetName=+5V Pin=R18-2
Added Member To Class: ClassName=Sheet1 Member=Component C9 0.01uF
Added Member To Class: ClassName=Sheet1 Member=Component C11 1u
Added Member To Class: ClassName=Sheet1 Member=Component R6 1k
Added Member To Class: ClassName=Sheet1 Member=Component R11 200K
Added Member To Class: ClassName=Sheet1 Member=Component R12 500
Added Member To Class: ClassName=Sheet1 Member=Component R13 20k
Added Member To Class: ClassName=Sheet1 Member=Component R14 20k
Added Member To Class: ClassName=Sheet1 Member=Component R15 500
Added Member To Class: ClassName=Sheet1 Member=Component R16 20k
Added Member To Class: ClassName=Sheet1 Member=Component R17 20k
Added Member To Class: ClassName=Sheet1 Member=Component R18 1k
