Removed Pin From Net: NetName=-5V Pin=C2-1
Removed Pin From Net: NetName=GND Pin=C2-2
Removed Pin From Net: NetName=+5V Pin=C4-2
Removed Pin From Net: NetName=+5V Pin=C5-2
Removed Pin From Net: NetName=GND Pin=C6-1
Removed Pin From Net: NetName=+5V Pin=C6-2
Removed Pin From Net: NetName=GND Pin=C7-1
Removed Pin From Net: NetName=-5V Pin=C7-2
Removed Pin From Net: NetName=GND Pin=C8-1
Removed Pin From Net: NetName=-5V Pin=C8-2
Removed Pin From Net: NetName=GND Pin=C9-1
Removed Pin From Net: NetName=-5V Pin=C9-2
Removed Pin From Net: NetName=GND Pin=C10-1
Removed Pin From Net: NetName=+5V Pin=C10-2
Removed Pin From Net: NetName=GND Pin=C11-1
Removed Pin From Net: NetName=-5V Pin=C11-2
Removed Pin From Net: NetName=GND Pin=C12-1
Removed Pin From Net: NetName=+5V Pin=C12-2
Removed Pin From Net: NetName=-5V Pin=C13-2
Removed Pin From Net: NetName=-5V Pin=C14-2
Removed Pin From Net: NetName=+5V Pin=P1-3
Removed Pin From Net: NetName=NetP2_4 Pin=R2-1
Removed Pin From Net: NetName=+5V Pin=R2-2
Removed Pin From Net: NetName=NetP2_1 Pin=R3-1
Removed Pin From Net: NetName=+5V Pin=R3-2
Removed Pin From Net: NetName=+5V Pin=R5-1
Removed Pin From Net: NetName=+5V Pin=R6-2
Removed Pin From Net: NetName=NetP4_4 Pin=R7-1
Removed Pin From Net: NetName=NetP4_1 Pin=R8-1
Removed Pin From Net: NetName=+5V Pin=R11-1
Removed Pin From Net: NetName=NetR9_2 Pin=R11-2
Removed Pin From Net: NetName=+5V Pin=R13-2
Removed Pin From Net: NetName=GND Pin=R14-3
Removed Pin From Net: NetName=NetR9_2 Pin=R16-3
Removed Pin From Net: NetName=GND Pin=R17-3
Removed Pin From Net: NetName=+5V Pin=R18-2
Removed Pin From Net: NetName=NetP2_1 Pin=U1-2
Removed Pin From Net: NetName=NetP2_4 Pin=U1-3
Removed Pin From Net: NetName=-5V Pin=U1-4
Removed Pin From Net: NetName=+5V Pin=U1-7
Removed Pin From Net: NetName=-5V Pin=U2-4
Removed Pin From Net: NetName=NetR9_2 Pin=U2-5
Removed Pin From Net: NetName=NetP4_1 Pin=U3-2
Removed Pin From Net: NetName=NetP4_4 Pin=U3-3
Removed Pin From Net: NetName=-5V Pin=U3-4
Removed Pin From Net: NetName=NetR9_1 Pin=U3-6
Removed Pin From Net: NetName=+5V Pin=U3-7
Removed Member From Class: ClassName=Sheet1 Member=C11
Removed Member From Class: ClassName=Sheet1 Member=C12
Removed Member From Class: ClassName=Sheet1 Member=C13
Removed Member From Class: ClassName=Sheet1 Member=C14
Removed Member From Class: ClassName=Sheet1 Member=P1
Removed Member From Class: ClassName=Sheet1 Member=P2
Removed Member From Class: ClassName=Sheet1 Member=P3
Removed Member From Class: ClassName=Sheet1 Member=P4
Removed Member From Class: ClassName=Sheet1 Member=R5
Removed Member From Class: ClassName=Sheet1 Member=R6
Removed Member From Class: ClassName=Sheet1 Member=R7
Removed Member From Class: ClassName=Sheet1 Member=R8
Removed Member From Class: ClassName=Sheet1 Member=R9
Removed Member From Class: ClassName=Sheet1 Member=R10
Removed Member From Class: ClassName=Sheet1 Member=R11
Removed Member From Class: ClassName=Sheet1 Member=R12
Removed Member From Class: ClassName=Sheet1 Member=R13
Removed Member From Class: ClassName=Sheet1 Member=R14
Removed Member From Class: ClassName=Sheet1 Member=R15
Removed Member From Class: ClassName=Sheet1 Member=R16
Removed Member From Class: ClassName=Sheet1 Member=R17
Removed Member From Class: ClassName=Sheet1 Member=R18
Change Component DesignItemId : Designator=U2 Old DesignItemId=CMP-0017-00450-2 New DesignItemId=ADC_LTC1865
Change Component DesignItemId : Designator=U1 Old DesignItemId=CMP-0359-03370-2 New DesignItemId=CMP-0095-00212-2
Change Component DesignItemId : Designator=U3 Old DesignItemId=CMP-0359-03370-2 New DesignItemId=CMP-0244-00199-1
Change Component DesignItemId : Designator=R10 Old DesignItemId=CMP-1012-00067-1 New DesignItemId=CMP-1012-00129-1
Change Component DesignItemId : Designator=R1 Old DesignItemId=CMP-1012-00067-1 New DesignItemId=Res3
Change Component DesignItemId : Designator=R5 Old DesignItemId=CMP-1012-00129-1 New DesignItemId=Component_1
Change Component DesignItemId : Designator=R11 Old DesignItemId=CMP-1012-00129-1 New DesignItemId=Component_1
Change Component DesignItemId : Designator=R6 Old DesignItemId=CMP-1659-00009-3 New DesignItemId=CMP-1012-00067-1
Change Component DesignItemId : Designator=R18 Old DesignItemId=CMP-1659-00009-3 New DesignItemId=CMP-1659-00054-1
Change Component DesignItemId : Designator=R2 Old DesignItemId=CMP-1659-00034-1 New DesignItemId=Res3
Change Component DesignItemId : Designator=R3 Old DesignItemId=CMP-1659-00034-1 New DesignItemId=Res3
Change Component DesignItemId : Designator=R4 Old DesignItemId=CMP-1659-00054-1 New DesignItemId=Res3
Change Component DesignItemId : Designator=C1 Old DesignItemId=CMP-1662-00008-2 New DesignItemId=Cap Semi
Change Component DesignItemId : Designator=C2 Old DesignItemId=CMP-1662-00008-2 New DesignItemId=CMP-2000-05987-1
Change Component DesignItemId : Designator=C5 Old DesignItemId=CMP-1663-00002-4 New DesignItemId=Cap Semi
Change Component DesignItemId : Designator=C6 Old DesignItemId=CMP-1663-00002-4 New DesignItemId=Cap Semi
Change Component DesignItemId : Designator=C11 Old DesignItemId=CMP-1663-00002-4 New DesignItemId=CMP-1662-00008-2
Change Component DesignItemId : Designator=C12 Old DesignItemId=CMP-1663-00002-4 New DesignItemId=CMP-1662-00008-2
Change Component DesignItemId : Designator=C14 Old DesignItemId=CMP-1663-00002-4 New DesignItemId=CMP-2000-05987-1
Change Component DesignItemId : Designator=C8 Old DesignItemId=CMP-1663-00002-4 New DesignItemId=CMP-2100-03687-1
Change Component DesignItemId : Designator=C4 Old DesignItemId=CMP-2000-05987-1 New DesignItemId=Cap Semi
Change Component DesignItemId : Designator=C9 Old DesignItemId=CMP-2000-05987-1 New DesignItemId=Cap Semi
Change Component DesignItemId : Designator=C10 Old DesignItemId=CMP-2000-05987-1 New DesignItemId=Cap Semi
Change Component DesignItemId : Designator=C3 Old DesignItemId=CMP-2000-05987-1 New DesignItemId=CMP-1663-00002-4
Change Component DesignItemId : Designator=C7 Old DesignItemId=CMP-2000-05987-1 New DesignItemId=CMP-2100-03687-1
Change Component DesignItemId : Designator=R15 Old DesignItemId=Component_1 New DesignItemId=CMP-1012-00067-1
Change Component DesignItemId : Designator=R12 Old DesignItemId=Component_1 New DesignItemId=CMP-1659-00009-3
Change Component DesignItemId : Designator=R16 Old DesignItemId=Component_1 New DesignItemId=CMP-1659-00034-1
Change Component DesignItemId : Designator=R17 Old DesignItemId=Component_1 New DesignItemId=CMP-1659-00034-1
Change Component Footprint: Designator=C4 Old Footprint=CAPC1608X87X35ML15T15 New Footprint=1608[0603]
Change Component Footprint: Designator=C9 Old Footprint=CAPC1608X87X35ML15T15 New Footprint=1608[0603]
Change Component Footprint: Designator=C10 Old Footprint=CAPC1608X87X35ML15T15 New Footprint=1608[0603]
Change Component Footprint: Designator=C7 Old Footprint=CAPC1608X87X35ML15T15 New Footprint=AVX-TAJ-A-2_L
Change Component Footprint: Designator=C3 Old Footprint=CAPC1608X87X35ML15T15 New Footprint=CAPC1608X90X20NL10
Change Component Footprint: Designator=C5 Old Footprint=CAPC1608X90X20NL10 New Footprint=1608[0603]
Change Component Footprint: Designator=C6 Old Footprint=CAPC1608X90X20NL10 New Footprint=1608[0603]
Change Component Footprint: Designator=C8 Old Footprint=CAPC1608X90X20NL10 New Footprint=AVX-TAJ-A-2_L
Change Component Footprint: Designator=C14 Old Footprint=CAPC1608X90X20NL10 New Footprint=CAPC1608X87X35ML15T15
Change Component Footprint: Designator=C11 Old Footprint=CAPC1608X90X20NL10 New Footprint=CAPC1608X90X38ML10T18
Change Component Footprint: Designator=C12 Old Footprint=CAPC1608X90X20NL10 New Footprint=CAPC1608X90X38ML10T18
Change Component Footprint: Designator=C1 Old Footprint=CAPC1608X90X38ML10T18 New Footprint=1608[0603]
Change Component Footprint: Designator=C2 Old Footprint=CAPC1608X90X38ML10T18 New Footprint=CAPC1608X87X35ML15T15
Change Component Footprint: Designator=U2 Old Footprint=D0008A_M New Footprint=LTC1865_SOIC8
Change Component Footprint: Designator=U1 Old Footprint=LT-S8-8_L New Footprint=32A_N
Change Component Footprint: Designator=U3 Old Footprint=LT-S8-8_L New Footprint=TO-263_M
Change Component Footprint: Designator=R1 Old Footprint=RESC0603(1608)_L New Footprint=J1-0603
Change Component Footprint: Designator=R10 Old Footprint=RESC0603(1608)_L New Footprint=RESC0603(1608)_M
Change Component Footprint: Designator=R5 Old Footprint=RESC0603(1608)_L New Footprint=Trimpot_Cut_tape_3.4x3.4x2
Change Component Footprint: Designator=R11 Old Footprint=RESC0603(1608)_L New Footprint=Trimpot_Cut_tape_3.4x3.4x2
Change Component Footprint: Designator=R4 Old Footprint=RESC1608X55X25LL10T15 New Footprint=J1-0603
Change Component Footprint: Designator=R6 Old Footprint=RESC1608X55X25ML10T15 New Footprint=RESC0603(1608)_L
Change Component Footprint: Designator=R18 Old Footprint=RESC1608X55X25ML10T15 New Footprint=RESC1608X55X25LL10T15
Change Component Footprint: Designator=R2 Old Footprint=RESC1608X55X25NL10T15 New Footprint=J1-0603
Change Component Footprint: Designator=R3 Old Footprint=RESC1608X55X25NL10T15 New Footprint=J1-0603
Change Component Footprint: Designator=R15 Old Footprint=Trimpot_Cut_tape_3.4x3.4x2 New Footprint=RESC0603(1608)_L
Change Component Footprint: Designator=R12 Old Footprint=Trimpot_Cut_tape_3.4x3.4x2 New Footprint=RESC1608X55X25ML10T15
Change Component Footprint: Designator=R16 Old Footprint=Trimpot_Cut_tape_3.4x3.4x2 New Footprint=RESC1608X55X25NL10T15
Change Component Footprint: Designator=R17 Old Footprint=Trimpot_Cut_tape_3.4x3.4x2 New Footprint=RESC1608X55X25NL10T15
Change Component Comment : Designator=C3 Old Comment=0.01uF New Comment=1u
Change Component Comment : Designator=C4 Old Comment=0.01uF New Comment=Cap Semi
Change Component Comment : Designator=C9 Old Comment=0.01uF New Comment=Cap Semi
Change Component Comment : Designator=C10 Old Comment=0.01uF New Comment=Cap Semi
Change Component Comment : Designator=C7 Old Comment=0.01uF New Comment=TAJA475K016RNJ
Change Component Comment : Designator=R18 Old Comment=1k New Comment=10k
Change Component Comment : Designator=R6 Old Comment=1k New Comment=510
Change Component Comment : Designator=C14 Old Comment=1u New Comment=0.01uF
Change Component Comment : Designator=C11 Old Comment=1u New Comment=10u
Change Component Comment : Designator=C12 Old Comment=1u New Comment=10u
Change Component Comment : Designator=C5 Old Comment=1u New Comment=Cap Semi
Change Component Comment : Designator=C6 Old Comment=1u New Comment=Cap Semi
Change Component Comment : Designator=C8 Old Comment=1u New Comment=TAJA475K016RNJ
Change Component Comment : Designator=R4 Old Comment=10k New Comment=Res3
Change Component Comment : Designator=C2 Old Comment=10u New Comment=0.01uF
Change Component Comment : Designator=C1 Old Comment=10u New Comment=Cap Semi
Change Component Comment : Designator=R16 Old Comment=20k New Comment=120
Change Component Comment : Designator=R17 Old Comment=20k New Comment=120
Change Component Comment : Designator=R14 Old Comment=20k New Comment=500
Change Component Comment : Designator=R2 Old Comment=120 New Comment=Res3
Change Component Comment : Designator=R3 Old Comment=120 New Comment=Res3
Change Component Comment : Designator=R11 Old Comment=200K New Comment=20k
Change Component Comment : Designator=R5 Old Comment=200K New Comment=500
Change Component Comment : Designator=R12 Old Comment=500 New Comment=1k
Change Component Comment : Designator=R15 Old Comment=500 New Comment=510
Change Component Comment : Designator=R10 Old Comment=510 New Comment=200K
Change Component Comment : Designator=R1 Old Comment=510 New Comment=Res3
Change Component Comment : Designator=U1 Old Comment=LT1920 New Comment=ATmega88PA-AUR
Change Component Comment : Designator=U3 Old Comment=LT1920 New Comment=L7805ABD2T-TR
Change Component Comment : Designator=U2 Old Comment=NE5532ADR New Comment=ADC_LTC1865
Added Component: Designator=C15(CAPC1608X90X20NL10)
Added Component: Designator=C16(CAPC1608X90X20NL10)
Added Component: Designator=C17(CAPC1608X87X35ML15T15)
Added Component: Designator=C18(CAPC1608X87X35ML15T15)
Added Component: Designator=C19(CAPC1608X90X20NL10)
Added Component: Designator=C20(CAPC1608X90X20NL10)
Added Component: Designator=C21(CAPC1608X87X35ML15T15)
Added Component: Designator=C22(CAPC1608X90X20NL10)
Added Component: Designator=C23(CAPC1608X87X35ML15T15)
Added Component: Designator=C24(CAPC1608X90X20NL10)
Added Component: Designator=C25(1608[0603])
Added Component: Designator=C26(1608[0603])
Added Component: Designator=C27(1608[0603])
Added Component: Designator=C28(1608[0603])
Added Component: Designator=J1(MOLX-67503-1020_V)
Added Component: Designator=R19(RESC0603(1608)_M)
Added Component: Designator=R20(Trimpot_Cut_tape_3.4x3.4x2)
Added Component: Designator=R21(RESC1608X55X25ML10T15)
Added Component: Designator=R22(Trimpot_Cut_tape_3.4x3.4x2)
Added Component: Designator=R23(J1-0603)
Added Component: Designator=R24(J1-0603)
Added Component: Designator=RX1(0603_A)
Added Component: Designator=SW1(430152043826)
Added Component: Designator=TX1(0603_A)
Added Component: Designator=U4(LT-S8-8_L)
Added Component: Designator=U5(D0008A_M)
Added Component: Designator=U6(LT-S8-8_L)
Added Component: Designator=U7(SSOP-28_L)
Added Component: Designator=X1(ABRA-ABLS2-2_V)
Added Pin To Net: NetName=GND Pin=C2-1
Added Pin To Net: NetName=+5V Pin=C2-2
Added Pin To Net: NetName=GND Pin=C7-2
Added Pin To Net: NetName=+5V Pin=C8-1
Added Pin To Net: NetName=GND Pin=C8-2
Added Pin To Net: NetName=GND Pin=C9-2
Added Pin To Net: NetName=+5V Pin=C10-1
Added Pin To Net: NetName=GND Pin=C10-2
Added Pin To Net: NetName=GND Pin=C11-2
Added Pin To Net: NetName=-5V Pin=C12-1
Added Pin To Net: NetName=GND Pin=C12-2
Added Pin To Net: NetName=+5V Pin=C13-2
Added Pin To Net: NetName=+5V Pin=C14-2
Added Pin To Net: NetName=GND Pin=C15-1
Added Pin To Net: NetName=+5V Pin=C15-2
Added Pin To Net: NetName=GND Pin=C16-1
Added Pin To Net: NetName=+5V Pin=C16-2
Added Pin To Net: NetName=GND Pin=C17-1
Added Pin To Net: NetName=-5V Pin=C17-2
Added Pin To Net: NetName=GND Pin=C18-1
Added Pin To Net: NetName=-5V Pin=C18-2
Added Pin To Net: NetName=GND Pin=C19-1
Added Pin To Net: NetName=-5V Pin=C19-2
Added Pin To Net: NetName=GND Pin=C20-1
Added Pin To Net: NetName=-5V Pin=C20-2
Added Pin To Net: NetName=GND Pin=C21-1
Added Pin To Net: NetName=+5V Pin=C21-2
Added Pin To Net: NetName=GND Pin=C22-1
Added Pin To Net: NetName=+5V Pin=C22-2
Added Pin To Net: NetName=GND Pin=C23-1
Added Pin To Net: NetName=-5V Pin=C23-2
Added Pin To Net: NetName=GND Pin=C24-1
Added Pin To Net: NetName=-5V Pin=C24-2
Added Pin To Net: NetName=GND Pin=C25-1
Added Pin To Net: NetName=+5V Pin=C25-2
Added Pin To Net: NetName=GND Pin=C26-1
Added Pin To Net: NetName=+5V Pin=C26-2
Added Pin To Net: NetName=GND Pin=C27-1
Added Pin To Net: NetName=GND Pin=J1-5
Added Pin To Net: NetName=+5V Pin=R1-2
Added Pin To Net: NetName=NetP2_4 Pin=R7-1
Added Pin To Net: NetName=NetP2_1 Pin=R8-1
Added Pin To Net: NetName=+5V Pin=R10-1
Added Pin To Net: NetName=NetR9_2 Pin=R10-2
Added Pin To Net: NetName=+5V Pin=R11-2
Added Pin To Net: NetName=NetR9_2 Pin=R11-3
Added Pin To Net: NetName=+5V Pin=R12-2
Added Pin To Net: NetName=GND Pin=R13-3
Added Pin To Net: NetName=NetP4_4 Pin=R16-1
Added Pin To Net: NetName=NetP4_1 Pin=R17-1
Added Pin To Net: NetName=+5V Pin=R17-2
Added Pin To Net: NetName=+5V Pin=R19-1
Added Pin To Net: NetName=+5V Pin=R20-2
Added Pin To Net: NetName=+5V Pin=R21-2
Added Pin To Net: NetName=GND Pin=R22-3
Added Pin To Net: NetName=+5V Pin=R23-1
Added Pin To Net: NetName=+5V Pin=R24-1
Added Pin To Net: NetName=GND Pin=SW1-2
Added Pin To Net: NetName=GND Pin=U1-3
Added Pin To Net: NetName=+5V Pin=U1-4
Added Pin To Net: NetName=GND Pin=U1-5
Added Pin To Net: NetName=+5V Pin=U1-6
Added Pin To Net: NetName=+5V Pin=U1-18
Added Pin To Net: NetName=GND Pin=U1-21
Added Pin To Net: NetName=GND Pin=U2-4
Added Pin To Net: NetName=+5V Pin=U3-3
Added Pin To Net: NetName=GND Pin=U3-4
Added Pin To Net: NetName=NetP2_1 Pin=U4-2
Added Pin To Net: NetName=NetP2_4 Pin=U4-3
Added Pin To Net: NetName=-5V Pin=U4-4
Added Pin To Net: NetName=NetR9_1 Pin=U4-6
Added Pin To Net: NetName=+5V Pin=U4-7
Added Pin To Net: NetName=NetR9_2 Pin=U5-3
Added Pin To Net: NetName=-5V Pin=U5-4
Added Pin To Net: NetName=+5V Pin=U5-8
Added Pin To Net: NetName=NetP4_1 Pin=U6-2
Added Pin To Net: NetName=NetP4_4 Pin=U6-3
Added Pin To Net: NetName=-5V Pin=U6-4
Added Pin To Net: NetName=+5V Pin=U6-7
Added Pin To Net: NetName=+5V Pin=U7-4
Added Pin To Net: NetName=GND Pin=U7-7
Added Pin To Net: NetName=GND Pin=U7-18
Added Pin To Net: NetName=+5V Pin=U7-20
Added Pin To Net: NetName=GND Pin=U7-21
Added Pin To Net: NetName=GND Pin=U7-25
Added Pin To Net: NetName=+12V Pin=C7-1
Added Pin To Net: NetName=+12V Pin=C9-1
Added Pin To Net: NetName=+12V Pin=C11-1
Added Pin To Net: NetName=+12V Pin=P1-3
Added Pin To Net: NetName=+12V Pin=U3-1
Added Net: Name=+12V
Added Pin To Net: NetName=DTR Pin=C28-1
Added Pin To Net: NetName=DTR Pin=U7-2
Added Net: Name=DTR
Added Pin To Net: NetName=ENC_SCK Pin=R4-1
Added Pin To Net: NetName=ENC_SCK Pin=U2-7
Added Net: Name=ENC_SCK
Added Pin To Net: NetName=ENC_SDI Pin=R3-1
Added Pin To Net: NetName=ENC_SDI Pin=U2-5
Added Net: Name=ENC_SDI
Added Pin To Net: NetName=ENC_SDO Pin=R2-1
Added Pin To Net: NetName=ENC_SDO Pin=U2-6
Added Net: Name=ENC_SDO
Added Pin To Net: NetName=FTDI_RST Pin=C28-2
Added Net: Name=FTDI_RST
Added Pin To Net: NetName=FTDI_RX Pin=U1-31
Added Pin To Net: NetName=FTDI_RX Pin=U7-5
Added Net: Name=FTDI_RX
Added Pin To Net: NetName=FTDI_TX Pin=U1-30
Added Pin To Net: NetName=FTDI_TX Pin=U7-1
Added Net: Name=FTDI_TX
Added Pin To Net: NetName=MCU_RST Pin=C6-1
Added Pin To Net: NetName=MCU_RST Pin=R1-1
Added Pin To Net: NetName=MCU_RST Pin=U1-29
Added Net: Name=MCU_RST
Added Pin To Net: NetName=MISO Pin=R2-2
Added Pin To Net: NetName=MISO Pin=U1-16
Added Net: Name=MISO
Added Pin To Net: NetName=MOSI Pin=R3-2
Added Pin To Net: NetName=MOSI Pin=U1-15
Added Net: Name=MOSI
Added Pin To Net: NetName=NetC4_2 Pin=C4-2
Added Pin To Net: NetName=NetC4_2 Pin=U1-8
Added Pin To Net: NetName=NetC4_2 Pin=X1-2
Added Net: Name=NetC4_2
Added Pin To Net: NetName=NetC5_2 Pin=C5-2
Added Pin To Net: NetName=NetC5_2 Pin=U1-7
Added Pin To Net: NetName=NetC5_2 Pin=X1-1
Added Net: Name=NetC5_2
Added Pin To Net: NetName=NetC6_2 Pin=C6-2
Added Pin To Net: NetName=NetC6_2 Pin=SW1-1
Added Net: Name=NetC6_2
Added Pin To Net: NetName=NetC27_2 Pin=C27-2
Added Pin To Net: NetName=NetC27_2 Pin=U7-17
Added Net: Name=NetC27_2
Added Pin To Net: NetName=NetR5_2 Pin=R5-2
Added Pin To Net: NetName=NetR5_2 Pin=R6-2
Added Pin To Net: NetName=NetR5_2 Pin=U4-1
Added Net: Name=NetR5_2
Added Pin To Net: NetName=NetR5_3 Pin=R5-3
Added Pin To Net: NetName=NetR5_3 Pin=R6-1
Added Pin To Net: NetName=NetR5_3 Pin=U4-8
Added Net: Name=NetR5_3
Added Pin To Net: NetName=NetR12_1 Pin=R12-1
Added Pin To Net: NetName=NetR12_1 Pin=R13-2
Added Pin To Net: NetName=NetR12_1 Pin=U4-5
Added Net: Name=NetR12_1
Added Pin To Net: NetName=NetR14_2 Pin=R14-2
Added Pin To Net: NetName=NetR14_2 Pin=R15-2
Added Pin To Net: NetName=NetR14_2 Pin=U6-1
Added Net: Name=NetR14_2
Added Pin To Net: NetName=NetR14_3 Pin=R14-3
Added Pin To Net: NetName=NetR14_3 Pin=R15-1
Added Pin To Net: NetName=NetR14_3 Pin=U6-8
Added Net: Name=NetR14_3
Added Pin To Net: NetName=NetR18_1 Pin=R18-1
Added Pin To Net: NetName=NetR18_1 Pin=U6-6
Added Net: Name=NetR18_1
Added Pin To Net: NetName=NetR18_2 Pin=R18-2
Added Pin To Net: NetName=NetR18_2 Pin=R19-2
Added Pin To Net: NetName=NetR18_2 Pin=R20-3
Added Pin To Net: NetName=NetR18_2 Pin=U5-5
Added Net: Name=NetR18_2
Added Pin To Net: NetName=NetR21_1 Pin=R21-1
Added Pin To Net: NetName=NetR21_1 Pin=R22-2
Added Pin To Net: NetName=NetR21_1 Pin=U6-5
Added Net: Name=NetR21_1
Added Pin To Net: NetName=NetR23_2 Pin=R23-2
Added Pin To Net: NetName=NetR23_2 Pin=RX1-2
Added Net: Name=NetR23_2
Added Pin To Net: NetName=NetR24_2 Pin=R24-2
Added Pin To Net: NetName=NetR24_2 Pin=TX1-2
Added Net: Name=NetR24_2
Added Pin To Net: NetName=NetRX1_1 Pin=RX1-1
Added Pin To Net: NetName=NetRX1_1 Pin=U7-23
Added Net: Name=NetRX1_1
Added Pin To Net: NetName=NetTX1_1 Pin=TX1-1
Added Pin To Net: NetName=NetTX1_1 Pin=U7-22
Added Net: Name=NetTX1_1
Added Pin To Net: NetName=SCK Pin=R4-2
Added Pin To Net: NetName=SCK Pin=U1-17
Added Net: Name=SCK
Added Pin To Net: NetName=USB_N Pin=J1-2
Added Pin To Net: NetName=USB_N Pin=U7-16
Added Net: Name=USB_N
Added Pin To Net: NetName=USB_P Pin=J1-3
Added Pin To Net: NetName=USB_P Pin=U7-15
Added Net: Name=USB_P
Added Pin To Net: NetName=WB1OUT Pin=P3-3
Added Pin To Net: NetName=WB1OUT Pin=U2-2
Added Pin To Net: NetName=WB1OUT Pin=U5-6
Added Pin To Net: NetName=WB1OUT Pin=U5-7
Added Net: Name=WB1OUT
Added Pin To Net: NetName=WB1 Pin=P3-1
Added Pin To Net: NetName=WB1 Pin=U2-3
Added Pin To Net: NetName=WB1 Pin=U5-1
Added Pin To Net: NetName=WB1 Pin=U5-2
Added Net: Name=WB1
Added Class: Name=F
Added Class: Name=WB
Added Differential Pair: Name=USB
Added Member To Class: ClassName=Sheet1 Member=Component SW1 430152043826
Added Member To Class: ClassName=Sheet1 Member=Component X1 ABLS2-16.000MHZ-D4Y-T
Added Room: Name=F
Added Room: Name=Sheet1
Added Room: Name=WB
